<?xml version="1.0" encoding="UTF-8"?>
<testsuite name="kr.co.velnova.firebase.FirebaseApplicationTests" tests="1" skipped="0" failures="1" errors="0" timestamp="2021-05-13T03:41:07" hostname="NOTEBOOK-OHYOUNGWOOK.localdomain" time="0.828">
  <properties/>
  <testcase name="auth()" classname="kr.co.velnova.firebase.FirebaseApplicationTests" time="0.828">
    <failure message="com.google.firebase.auth.FirebaseAuthException: Firebase ID token has expired. Get a fresh ID token and try again. See https://firebase.google.com/docs/auth/admin/verify-id-tokens for details on how to retrieve an ID token." type="com.google.firebase.auth.FirebaseAuthException">com.google.firebase.auth.FirebaseAuthException: Firebase ID token has expired. Get a fresh ID token and try again. See https://firebase.google.com/docs/auth/admin/verify-id-tokens for details on how to retrieve an ID token.
	at com.google.firebase.auth.FirebaseTokenVerifierImpl.newException(FirebaseTokenVerifierImpl.java:237)
	at com.google.firebase.auth.FirebaseTokenVerifierImpl.newException(FirebaseTokenVerifierImpl.java:232)
	at com.google.firebase.auth.FirebaseTokenVerifierImpl.checkContents(FirebaseTokenVerifierImpl.java:227)
	at com.google.firebase.auth.FirebaseTokenVerifierImpl.verifyToken(FirebaseTokenVerifierImpl.java:100)
	at com.google.firebase.auth.AbstractFirebaseAuth$3.execute(AbstractFirebaseAuth.java:305)
	at com.google.firebase.auth.AbstractFirebaseAuth$3.execute(AbstractFirebaseAuth.java:302)
	at com.google.firebase.internal.CallableOperation.call(CallableOperation.java:36)
	at com.google.firebase.auth.AbstractFirebaseAuth.verifyIdToken(AbstractFirebaseAuth.java:267)
	at com.google.firebase.auth.AbstractFirebaseAuth.verifyIdToken(AbstractFirebaseAuth.java:241)
	at kr.co.velnova.firebase.FirebaseApplicationTests.auth(FirebaseApplicationTests.java:30)
	at java.base/jdk.internal.reflect.NativeMethodAccessorImpl.invoke0(Native Method)
	at java.base/jdk.internal.reflect.NativeMethodAccessorImpl.invoke(NativeMethodAccessorImpl.java:62)
	at java.base/jdk.internal.reflect.DelegatingMethodAccessorImpl.invoke(DelegatingMethodAccessorImpl.java:43)
	at java.base/java.lang.reflect.Method.invoke(Method.java:566)
	at org.junit.platform.commons.util.ReflectionUtils.invokeMethod(ReflectionUtils.java:688)
	at org.junit.jupiter.engine.execution.MethodInvocation.proceed(MethodInvocation.java:60)
	at org.junit.jupiter.engine.execution.InvocationInterceptorChain$ValidatingInvocation.proceed(InvocationInterceptorChain.java:131)
	at org.junit.jupiter.engine.extension.TimeoutExtension.intercept(TimeoutExtension.java:149)
	at org.junit.jupiter.engine.extension.TimeoutExtension.interceptTestableMethod(TimeoutExtension.java:140)
	at org.junit.jupiter.engine.extension.TimeoutExtension.interceptTestMethod(TimeoutExtension.java:84)
	at org.junit.jupiter.engine.execution.ExecutableInvoker$ReflectiveInterceptorCall.lambda$ofVoidMethod$0(ExecutableInvoker.java:115)
	at org.junit.jupiter.engine.execution.ExecutableInvoker.lambda$invoke$0(ExecutableInvoker.java:105)
	at org.junit.jupiter.engine.execution.InvocationInterceptorChain$InterceptedInvocation.proceed(InvocationInterceptorChain.java:106)
	at org.junit.jupiter.engine.execution.InvocationInterceptorChain.proceed(InvocationInterceptorChain.java:64)
	at org.junit.jupiter.engine.execution.InvocationInterceptorChain.chainAndInvoke(InvocationInterceptorChain.java:45)
	at org.junit.jupiter.engine.execution.InvocationInterceptorChain.invoke(InvocationInterceptorChain.java:37)
	at org.junit.jupiter.engine.execution.ExecutableInvoker.invoke(ExecutableInvoker.java:104)
	at org.junit.jupiter.engine.execution.ExecutableInvoker.invoke(ExecutableInvoker.java:98)
	at org.junit.jupiter.engine.descriptor.TestMethodTestDescriptor.lambda$invokeTestMethod$6(TestMethodTestDescriptor.java:210)
	at org.junit.platform.engine.support.hierarchical.ThrowableCollector.execute(ThrowableCollector.java:73)
	at org.junit.jupiter.engine.descriptor.TestMethodTestDescriptor.invokeTestMethod(TestMethodTestDescriptor.java:206)
	at org.junit.jupiter.engine.descriptor.TestMethodTestDescriptor.execute(TestMethodTestDescriptor.java:131)
	at org.junit.jupiter.engine.descriptor.TestMethodTestDescriptor.execute(TestMethodTestDescriptor.java:65)
	at org.junit.platform.engine.support.hierarchical.NodeTestTask.lambda$executeRecursively$5(NodeTestTask.java:139)
	at org.junit.platform.engine.support.hierarchical.ThrowableCollector.execute(ThrowableCollector.java:73)
	at org.junit.platform.engine.support.hierarchical.NodeTestTask.lambda$executeRecursively$7(NodeTestTask.java:129)
	at org.junit.platform.engine.support.hierarchical.Node.around(Node.java:137)
	at org.junit.platform.engine.support.hierarchical.NodeTestTask.lambda$executeRecursively$8(NodeTestTask.java:127)
	at org.junit.platform.engine.support.hierarchical.ThrowableCollector.execute(ThrowableCollector.java:73)
	at org.junit.platform.engine.support.hierarchical.NodeTestTask.executeRecursively(NodeTestTask.java:126)
	at org.junit.platform.engine.support.hierarchical.NodeTestTask.execute(NodeTestTask.java:84)
	at java.base/java.util.ArrayList.forEach(ArrayList.java:1541)
	at org.junit.platform.engine.support.hierarchical.SameThreadHierarchicalTestExecutorService.invokeAll(SameThreadHierarchicalTestExecutorService.java:38)
	at org.junit.platform.engine.support.hierarchical.NodeTestTask.lambda$executeRecursively$5(NodeTestTask.java:143)
	at org.junit.platform.engine.support.hierarchical.ThrowableCollector.execute(ThrowableCollector.java:73)
	at org.junit.platform.engine.support.hierarchical.NodeTestTask.lambda$executeRecursively$7(NodeTestTask.java:129)
	at org.junit.platform.engine.support.hierarchical.Node.around(Node.java:137)
	at org.junit.platform.engine.support.hierarchical.NodeTestTask.lambda$executeRecursively$8(NodeTestTask.java:127)
	at org.junit.platform.engine.support.hierarchical.ThrowableCollector.execute(ThrowableCollector.java:73)
	at org.junit.platform.engine.support.hierarchical.NodeTestTask.executeRecursively(NodeTestTask.java:126)
	at org.junit.platform.engine.support.hierarchical.NodeTestTask.execute(NodeTestTask.java:84)
	at java.base/java.util.ArrayList.forEach(ArrayList.java:1541)
	at org.junit.platform.engine.support.hierarchical.SameThreadHierarchicalTestExecutorService.invokeAll(SameThreadHierarchicalTestExecutorService.java:38)
	at org.junit.platform.engine.support.hierarchical.NodeTestTask.lambda$executeRecursively$5(NodeTestTask.java:143)
	at org.junit.platform.engine.support.hierarchical.ThrowableCollector.execute(ThrowableCollector.java:73)
	at org.junit.platform.engine.support.hierarchical.NodeTestTask.lambda$executeRecursively$7(NodeTestTask.java:129)
	at org.junit.platform.engine.support.hierarchical.Node.around(Node.java:137)
	at org.junit.platform.engine.support.hierarchical.NodeTestTask.lambda$executeRecursively$8(NodeTestTask.java:127)
	at org.junit.platform.engine.support.hierarchical.ThrowableCollector.execute(ThrowableCollector.java:73)
	at org.junit.platform.engine.support.hierarchical.NodeTestTask.executeRecursively(NodeTestTask.java:126)
	at org.junit.platform.engine.support.hierarchical.NodeTestTask.execute(NodeTestTask.java:84)
	at org.junit.platform.engine.support.hierarchical.SameThreadHierarchicalTestExecutorService.submit(SameThreadHierarchicalTestExecutorService.java:32)
	at org.junit.platform.engine.support.hierarchical.HierarchicalTestExecutor.execute(HierarchicalTestExecutor.java:57)
	at org.junit.platform.engine.support.hierarchical.HierarchicalTestEngine.execute(HierarchicalTestEngine.java:51)
	at org.junit.platform.launcher.core.EngineExecutionOrchestrator.execute(EngineExecutionOrchestrator.java:108)
	at org.junit.platform.launcher.core.EngineExecutionOrchestrator.execute(EngineExecutionOrchestrator.java:88)
	at org.junit.platform.launcher.core.EngineExecutionOrchestrator.lambda$execute$0(EngineExecutionOrchestrator.java:54)
	at org.junit.platform.launcher.core.EngineExecutionOrchestrator.withInterceptedStreams(EngineExecutionOrchestrator.java:67)
	at org.junit.platform.launcher.core.EngineExecutionOrchestrator.execute(EngineExecutionOrchestrator.java:52)
	at org.junit.platform.launcher.core.DefaultLauncher.execute(DefaultLauncher.java:96)
	at org.junit.platform.launcher.core.DefaultLauncher.execute(DefaultLauncher.java:75)
	at org.gradle.api.internal.tasks.testing.junitplatform.JUnitPlatformTestClassProcessor$CollectAllTestClassesExecutor.processAllTestClasses(JUnitPlatformTestClassProcessor.java:99)
	at org.gradle.api.internal.tasks.testing.junitplatform.JUnitPlatformTestClassProcessor$CollectAllTestClassesExecutor.access$000(JUnitPlatformTestClassProcessor.java:79)
	at org.gradle.api.internal.tasks.testing.junitplatform.JUnitPlatformTestClassProcessor.stop(JUnitPlatformTestClassProcessor.java:75)
	at org.gradle.api.internal.tasks.testing.SuiteTestClassProcessor.stop(SuiteTestClassProcessor.java:61)
	at java.base/jdk.internal.reflect.NativeMethodAccessorImpl.invoke0(Native Method)
	at java.base/jdk.internal.reflect.NativeMethodAccessorImpl.invoke(NativeMethodAccessorImpl.java:62)
	at java.base/jdk.internal.reflect.DelegatingMethodAccessorImpl.invoke(DelegatingMethodAccessorImpl.java:43)
	at java.base/java.lang.reflect.Method.invoke(Method.java:566)
	at org.gradle.internal.dispatch.ReflectionDispatch.dispatch(ReflectionDispatch.java:36)
	at org.gradle.internal.dispatch.ReflectionDispatch.dispatch(ReflectionDispatch.java:24)
	at org.gradle.internal.dispatch.ContextClassLoaderDispatch.dispatch(ContextClassLoaderDispatch.java:33)
	at org.gradle.internal.dispatch.ProxyDispatchAdapter$DispatchingInvocationHandler.invoke(ProxyDispatchAdapter.java:94)
	at com.sun.proxy.$Proxy2.stop(Unknown Source)
	at org.gradle.api.internal.tasks.testing.worker.TestWorker.stop(TestWorker.java:133)
	at java.base/jdk.internal.reflect.NativeMethodAccessorImpl.invoke0(Native Method)
	at java.base/jdk.internal.reflect.NativeMethodAccessorImpl.invoke(NativeMethodAccessorImpl.java:62)
	at java.base/jdk.internal.reflect.DelegatingMethodAccessorImpl.invoke(DelegatingMethodAccessorImpl.java:43)
	at java.base/java.lang.reflect.Method.invoke(Method.java:566)
	at org.gradle.internal.dispatch.ReflectionDispatch.dispatch(ReflectionDispatch.java:36)
	at org.gradle.internal.dispatch.ReflectionDispatch.dispatch(ReflectionDispatch.java:24)
	at org.gradle.internal.remote.internal.hub.MessageHubBackedObjectConnection$DispatchWrapper.dispatch(MessageHubBackedObjectConnection.java:182)
	at org.gradle.internal.remote.internal.hub.MessageHubBackedObjectConnection$DispatchWrapper.dispatch(MessageHubBackedObjectConnection.java:164)
	at org.gradle.internal.remote.internal.hub.MessageHub$Handler.run(MessageHub.java:414)
	at org.gradle.internal.concurrent.ExecutorPolicy$CatchAndRecordFailures.onExecute(ExecutorPolicy.java:64)
	at org.gradle.internal.concurrent.ManagedExecutorImpl$1.run(ManagedExecutorImpl.java:48)
	at java.base/java.util.concurrent.ThreadPoolExecutor.runWorker(ThreadPoolExecutor.java:1128)
	at java.base/java.util.concurrent.ThreadPoolExecutor$Worker.run(ThreadPoolExecutor.java:628)
	at org.gradle.internal.concurrent.ThreadFactoryImpl$ManagedThreadRunnable.run(ThreadFactoryImpl.java:56)
	at java.base/java.lang.Thread.run(Thread.java:834)
</failure>
  </testcase>
  <system-out><![CDATA[2021-05-13 12:41:01.557  INFO   --- [    Test worker] .b.t.c.SpringBootTestContextBootstrapper : Neither @ContextConfiguration nor @ContextHierarchy found for test class [kr.co.velnova.firebase.FirebaseApplicationTests], using SpringBootContextLoader
2021-05-13 12:41:01.583  INFO   --- [    Test worker] o.s.t.c.support.AbstractContextLoader    : Could not detect default resource locations for test class [kr.co.velnova.firebase.FirebaseApplicationTests]: no resource found for suffixes {-context.xml, Context.groovy}.
2021-05-13 12:41:01.586  INFO   --- [    Test worker] t.c.s.AnnotationConfigContextLoaderUtils : Could not detect default configuration classes for test class [kr.co.velnova.firebase.FirebaseApplicationTests]: FirebaseApplicationTests does not declare any static, non-private, non-final, nested classes annotated with @Configuration.
2021-05-13 12:41:01.833  INFO   --- [    Test worker] .b.t.c.SpringBootTestContextBootstrapper : Found @SpringBootConfiguration kr.co.velnova.firebase.FirebaseApplication for test class kr.co.velnova.firebase.FirebaseApplicationTests
2021-05-13 12:41:02.056  INFO   --- [    Test worker] .b.t.c.SpringBootTestContextBootstrapper : Loaded default TestExecutionListener class names from location [META-INF/spring.factories]: [org.springframework.boot.test.autoconfigure.restdocs.RestDocsTestExecutionListener, org.springframework.boot.test.autoconfigure.web.client.MockRestServiceServerResetTestExecutionListener, org.springframework.boot.test.autoconfigure.web.servlet.MockMvcPrintOnlyOnFailureTestExecutionListener, org.springframework.boot.test.autoconfigure.web.servlet.WebDriverTestExecutionListener, org.springframework.boot.test.autoconfigure.webservices.client.MockWebServiceServerTestExecutionListener, org.springframework.boot.test.mock.mockito.MockitoTestExecutionListener, org.springframework.boot.test.mock.mockito.ResetMocksTestExecutionListener, org.springframework.test.context.web.ServletTestExecutionListener, org.springframework.test.context.support.DirtiesContextBeforeModesTestExecutionListener, org.springframework.test.context.event.ApplicationEventsTestExecutionListener, org.springframework.test.context.support.DependencyInjectionTestExecutionListener, org.springframework.test.context.support.DirtiesContextTestExecutionListener, org.springframework.test.context.transaction.TransactionalTestExecutionListener, org.springframework.test.context.jdbc.SqlScriptsTestExecutionListener, org.springframework.test.context.event.EventPublishingTestExecutionListener]
2021-05-13 12:41:02.098  INFO   --- [    Test worker] .b.t.c.SpringBootTestContextBootstrapper : Using TestExecutionListeners: [org.springframework.test.context.web.ServletTestExecutionListener@32a15fc0, org.springframework.test.context.support.DirtiesContextBeforeModesTestExecutionListener@7fdef6ff, org.springframework.test.context.event.ApplicationEventsTestExecutionListener@109e4e33, org.springframework.boot.test.mock.mockito.MockitoTestExecutionListener@6b96d58c, org.springframework.boot.test.autoconfigure.SpringBootDependencyInjectionTestExecutionListener@53f1d861, org.springframework.test.context.support.DirtiesContextTestExecutionListener@5b90b5ee, org.springframework.test.context.event.EventPublishingTestExecutionListener@399d8779, org.springframework.boot.test.autoconfigure.restdocs.RestDocsTestExecutionListener@647a1f73, org.springframework.boot.test.autoconfigure.web.client.MockRestServiceServerResetTestExecutionListener@3995f14d, org.springframework.boot.test.autoconfigure.web.servlet.MockMvcPrintOnlyOnFailureTestExecutionListener@67741c54, org.springframework.boot.test.autoconfigure.web.servlet.WebDriverTestExecutionListener@3287f98c, org.springframework.boot.test.autoconfigure.webservices.client.MockWebServiceServerTestExecutionListener@6b2f928, org.springframework.boot.test.mock.mockito.ResetMocksTestExecutionListener@10bb6f2a]

  .   ____          _            __ _ _
 /\\ / ___'_ __ _ _(_)_ __  __ _ \ \ \ \
( ( )\___ | '_ | '_| | '_ \/ _` | \ \ \ \
 \\/  ___)| |_)| | | | | || (_| |  ) ) ) )
  '  |____| .__|_| |_|_| |_\__, | / / / /
 =========|_|==============|___/=/_/_/_/
 :: Spring Boot ::                (v2.4.5)

2021-05-13 12:41:03.061  INFO 3696 --- [    Test worker] k.c.v.firebase.FirebaseApplicationTests  : Starting FirebaseApplicationTests using Java 11.0.11 on NOTEBOOK-OHYOUNGWOOK.localdomain with PID 3696 (started by blocko in /Users/blocko/IdeaProjects/firebaseJwtVerify)
2021-05-13 12:41:03.089 DEBUG 3696 --- [    Test worker] k.c.v.firebase.FirebaseApplicationTests  : Running with Spring Boot v2.4.5, Spring v5.3.6
2021-05-13 12:41:03.116  INFO 3696 --- [    Test worker] k.c.v.firebase.FirebaseApplicationTests  : No active profile set, falling back to default profiles: default
2021-05-13 12:41:06.360  INFO 3696 --- [    Test worker] o.s.s.concurrent.ThreadPoolTaskExecutor  : Initializing ExecutorService 'applicationTaskExecutor'
2021-05-13 12:41:07.317  INFO 3696 --- [    Test worker] k.c.v.firebase.FirebaseApplicationTests  : Started FirebaseApplicationTests in 5.142 seconds (JVM running for 7.323)
bearerToken = eyJhbGciOiJSUzI1NiIsImtpZCI6IjUzNmRhZWFiZjhkZDY1ZDRkZTIxZTgyNGI4OTlhMWYzZGEyZjg5NTgiLCJ0eXAiOiJKV1QifQ.eyJpc3MiOiJodHRwczovL3NlY3VyZXRva2VuLmdvb2dsZS5jb20vcGlra2xlLWJmODZlIiwiYXVkIjoicGlra2xlLWJmODZlIiwiYXV0aF90aW1lIjoxNjIwODY3OTM3LCJ1c2VyX2lkIjoidGpJSmczRW1neWNWblVINmx0TFVrQkpWbTlJMiIsInN1YiI6InRqSUpnM0VtZ3ljVm5VSDZsdExVa0JKVm05STIiLCJpYXQiOjE2MjA4Njc5MzgsImV4cCI6MTYyMDg3MTUzOCwiZW1haWwiOiJodW5AYWVyZ28uaW8iLCJlbWFpbF92ZXJpZmllZCI6ZmFsc2UsImZpcmViYXNlIjp7ImlkZW50aXRpZXMiOnsiZW1haWwiOlsiaHVuQGFlcmdvLmlvIl19LCJzaWduX2luX3Byb3ZpZGVyIjoicGFzc3dvcmQifX0.VyaaVgppo5K90zFFBqbB_J_6t9f1Urbmm8G1FLKSVcy7NhupIEitqRtdHQsZwecrlCT7w22sD3Z2PhxSbL-SmIWJUkOZGkD4ZmUrvZKsgOGicvQJ6F1DfA7NYm-NHmm5m_IdhNW-HkmtHyyhvbXnksPj4emJbVQEkNJi7uh-3syMxuPYgP4MSJ3KtrdVJCRDCPlz3mv72rCRSQ6ttWC0HapzZz8dP9IV28khJX3ufu3d0en-tAhDOuh3_BTLTOAJvnP8Nqvcdzi2Vu3koraxbjVoFMQF_KmWIGsV_CjUXveShEBqfrQ5NgYVEpnYBV0HYzl-DtsTxEDzzeCHBCFJvw
]]></system-out>
  <system-err><![CDATA[]]></system-err>
</testsuite>
